<?xml version="1.0" encoding="UTF-8"?>
<!-- Generated by org.testng.reporters.JUnitXMLReporter -->
<testsuite ignored="0" hostname="DESKTOP-JCNBK9Q" failures="0" tests="5" name="FireFoxTest" time="32.979" errors="0" timestamp="2025-08-25T19:57:18 IST">
  <testcase classname="testscript.ManageNewsTest" name="verifyUserisAbleToClickManageNews" time="2.467"/>
  <testcase classname="testscript.LoginTest" name="verifyUserIsAbleToLoginUsingInvalidCredentials" time="0.503"/>
  <testcase classname="testscript.LoginTest" name="verifyUserIsAbleToLoginUsingValidCredentials" time="0.875"/>
  <testcase classname="testscript.LoginTest" name="verifyUserIsAbletoLoginUsingInvalidPassword" time="0.496"/>
  <testcase classname="testscript.LoginTest" name="verifyUserisAbleToLoginWithInvalidUsername" time="0.477"/>
</testsuite> <!-- FireFoxTest -->
