<?xml version="1.0" encoding="UTF-8"?>
<!-- Generated by org.testng.reporters.JUnitXMLReporter -->
<testsuite ignored="0" hostname="DESKTOP-JCNBK9Q" failures="0" tests="5" name="ChromeTest" time="14.597" errors="0" timestamp="2025-08-24T11:01:40 IST">
  <testcase classname="testscript.ManageNewsTest" name="verifyUserisAbleToClickManageNews" time="3.262"/>
  <testcase classname="testscript.LoginTest" name="verifyUserIsAbleToLoginUsingInvalidCredentials" time="0.875"/>
  <testcase classname="testscript.LoginTest" name="verifyUserIsAbleToLoginUsingValidCredentials" time="0.892"/>
  <testcase classname="testscript.LoginTest" name="verifyUserIsAbletoLoginUsingInvalidPassword" time="0.72"/>
  <testcase classname="testscript.LoginTest" name="verifyUserisAbleToLoginWithInvalidUsername" time="0.824"/>
</testsuite> <!-- ChromeTest -->
